16:51:46,006  INFO DefaultTestContextBootstrapper:259 - Loaded default TestExecutionListener class names from location [META-INF/spring.factories]: [org.springframework.test.context.web.ServletTestExecutionListener, org.springframework.test.context.support.DirtiesContextBeforeModesTestExecutionListener, org.springframework.test.context.support.DependencyInjectionTestExecutionListener, org.springframework.test.context.support.DirtiesContextTestExecutionListener, org.springframework.test.context.transaction.TransactionalTestExecutionListener, org.springframework.test.context.jdbc.SqlScriptsTestExecutionListener]
16:51:46,023  INFO DefaultTestContextBootstrapper:185 - Using TestExecutionListeners: [org.springframework.test.context.web.ServletTestExecutionListener@1ca6954, org.springframework.test.context.support.DirtiesContextBeforeModesTestExecutionListener@1c935cc, org.springframework.test.context.support.DependencyInjectionTestExecutionListener@eb1327, org.springframework.test.context.support.DirtiesContextTestExecutionListener@136a26f, org.springframework.test.context.transaction.TransactionalTestExecutionListener@1e247e2, org.springframework.test.context.jdbc.SqlScriptsTestExecutionListener@dd6317]
16:51:46,348  INFO XmlBeanDefinitionReader:317 - Loading XML bean definitions from class path resource [applicationContext.xml]
16:51:46,920  INFO GenericApplicationContext:578 - Refreshing org.springframework.context.support.GenericApplicationContext@1d77d9e: startup date [Mon Sep 25 16:51:46 GMT+08:00 2017]; root of context hierarchy
16:51:47,111  INFO AutowiredAnnotationBeanPostProcessor:153 - JSR-330 'javax.inject.Inject' annotation found and supported for autowiring
16:51:47,226  INFO MLog:80 - MLog clients using log4j logging.
16:51:47,834  INFO C3P0Registry:204 - Initializing c3p0-0.9.1.2 [built 21-May-2007 15:04:56; debug? true; trace: 10]
16:51:48,096  INFO LocalContainerEntityManagerFactoryBean:339 - Building JPA container EntityManagerFactory for persistence unit 'default'
16:51:48,096  WARN HibernatePersistence:41 - HHH015016: Encountered a deprecated javax.persistence.spi.PersistenceProvider [org.hibernate.ejb.HibernatePersistence]; use [org.hibernate.jpa.HibernatePersistenceProvider] instead.
16:51:48,104  INFO LogHelper:31 - HHH000204: Processing PersistenceUnitInfo [
	name: default
	...]
16:51:48,225  INFO Version:37 - HHH000412: Hibernate Core {5.0.7.Final}
16:51:48,229  INFO Environment:213 - HHH000206: hibernate.properties not found
16:51:48,231  INFO Environment:317 - HHH000021: Bytecode provider name : javassist
16:51:48,319  INFO Version:66 - HCANN000001: Hibernate Commons Annotations {5.0.1.Final}
16:51:48,674  INFO AbstractPoolBackedDataSource:462 - Initializing c3p0 pool... com.mchange.v2.c3p0.ComboPooledDataSource [ acquireIncrement -> 3, acquireRetryAttempts -> 30, acquireRetryDelay -> 1000, autoCommitOnClose -> false, automaticTestTable -> null, breakAfterAcquireFailure -> false, checkoutTimeout -> 0, connectionCustomizerClassName -> null, connectionTesterClassName -> com.mchange.v2.c3p0.impl.DefaultConnectionTester, dataSourceName -> 31sqsn9q1f49v4650xlol|b91dff, debugUnreturnedConnectionStackTraces -> false, description -> null, driverClass -> oracle.jdbc.driver.OracleDriver, factoryClassLocation -> null, forceIgnoreUnresolvedTransactions -> false, identityToken -> 31sqsn9q1f49v4650xlol|b91dff, idleConnectionTestPeriod -> 0, initialPoolSize -> 3, jdbcUrl -> jdbc:oracle:thin:@192.168.179.100:1521:ORCL, maxAdministrativeTaskTime -> 0, maxConnectionAge -> 0, maxIdleTime -> 0, maxIdleTimeExcessConnections -> 0, maxPoolSize -> 15, maxStatements -> 0, maxStatementsPerConnection -> 0, minPoolSize -> 3, numHelperThreads -> 3, numThreadsAwaitingCheckoutDefaultUser -> 0, preferredTestQuery -> null, properties -> {user=******, password=******}, propertyCycle -> 0, testConnectionOnCheckin -> false, testConnectionOnCheckout -> false, unreturnedConnectionTimeout -> 0, usesTraditionalReflectiveProxies -> false ]
16:51:49,056  INFO Dialect:156 - HHH000400: Using dialect: org.hibernate.dialect.Oracle10gDialect
16:51:49,259  INFO LobCreatorBuilderImpl:124 - HHH000424: Disabling contextual LOB creation as createClob() method threw error : java.lang.reflect.InvocationTargetException
16:51:49,943  INFO SchemaUpdate:105 - HHH000228: Running hbm2ddl schema update
16:51:52,628  INFO QueryTranslatorFactoryInitiator:47 - HHH000397: Using ASTQueryTranslatorFactory
16:51:52,770  WARN HqlSqlWalker:992 - [DEPRECATION] Encountered positional parameter near line 1, column 67 in HQL: [update com.itheima.crm.domain.Customer set type=1 where telephone=?].  Positional parameter are considered deprecated; use named parameters or JPA-style positional parameters instead.
16:51:52,774  WARN HqlSqlWalker:992 - [DEPRECATION] Encountered positional parameter near line 1, column 79 in HQL: [update com.itheima.crm.domain.Customer set fixedAreaId=null where fixedAreaId=?].  Positional parameter are considered deprecated; use named parameters or JPA-style positional parameters instead.
16:51:53,089  INFO ReflectionServiceFactoryBean:434 - Creating Service {http://impl.service.crm.itheima.com/}CustomerServiceImplService from class com.itheima.crm.service.CustomerService
16:51:54,009  INFO ServerImpl:85 - Setting the server's publish address to be /customer
16:51:54,208  INFO GenericApplicationContext:960 - Closing org.springframework.context.support.GenericApplicationContext@1d77d9e: startup date [Mon Sep 25 16:51:46 GMT+08:00 2017]; root of context hierarchy
16:51:54,211  INFO LocalContainerEntityManagerFactoryBean:462 - Closing JPA EntityManagerFactory for persistence unit 'default'
